Start testing: Jul 31 18:39 EDT
----------------------------------------------------------
Unable to find executable: vector_tests_NOT_BUILT
1/1 Testing: vector_tests_NOT_BUILT
1/1 Test: vector_tests_NOT_BUILT
Command: ""
Directory: /Users/omarjingoisemperor/Desktop/Vector/build
"vector_tests_NOT_BUILT" start time: 
Output:
----------------------------------------------------------
<end of output>
Test time =   0.00 sec
----------------------------------------------------------
Test Passed.
"vector_tests_NOT_BUILT" end time: Jul 31 18:39 EDT
"vector_tests_NOT_BUILT" time elapsed: 00:00:00
----------------------------------------------------------

End testing: Jul 31 18:39 EDT
